<?xml version="1.0" encoding="UTF-8"?>
<!-- Generated by org.testng.reporters.JUnitReportReporter -->
<testsuite skipped="0" hostname="SajinaSanoop" name="testcases.createRediffAccount" tests="1" failures="0" timestamp="18 Sep 2019 01:27:57 GMT" time="7.763" errors="0">
  <testcase name="createAccount" time="7.763" classname="testcases.createRediffAccount"/>
</testsuite> <!-- testcases.createRediffAccount -->
